<?xml version="1.0" encoding="UTF-8"?>
<!-- Generated by org.testng.reporters.JUnitXMLReporter -->
<testsuite ignored="1" hostname="Ayush" failures="0" tests="1" name="Default test" time="4.488" errors="0" timestamp="2023-08-18T04:09:50 IST">
  <testcase classname="apiTestCaases.DummYRestApiTestCases" name="dummyrestapi" time="4.435"/>
  <testcase classname="apiTestCaases.DummYRestApiTestCases" name="updateRetapi" time="0.0">
    <ignored/>
  </testcase> <!-- updateRetapi -->
</testsuite> <!-- Default test -->
