<?xml version="1.0" encoding="UTF-8"?>
<testng-results ignored="0" total="1" passed="1" failed="0" skipped="0">
  <reporter-output>
  </reporter-output>
  <suite started-at="2023-08-20T01:36:44 IST" name="Default suite" finished-at="2023-08-20T01:36:47 IST" duration-ms="2574">
    <groups>
    </groups>
    <test started-at="2023-08-20T01:36:44 IST" name="Default test" finished-at="2023-08-20T01:36:47 IST" duration-ms="2574">
      <class name="apiTestCaases.GooglePlaceapi">
        <test-method signature="creategoogleplaceapi()[pri:0, instance:apiTestCaases.GooglePlaceapi@441772e]" started-at="2023-08-20T01:36:44 IST" name="creategoogleplaceapi" description="using pojo class, concept of serialization, hamcrest static import" finished-at="2023-08-20T01:36:47 IST" duration-ms="2532" status="PASS">
          <reporter-output>
          </reporter-output>
        </test-method> <!-- creategoogleplaceapi -->
      </class> <!-- apiTestCaases.GooglePlaceapi -->
    </test> <!-- Default test -->
  </suite> <!-- Default suite -->
</testng-results>
