<?xml version="1.0" encoding="UTF-8"?>
<testng-results ignored="0" total="1" passed="1" failed="0" skipped="0">
  <reporter-output>
  </reporter-output>
  <suite started-at="2023-08-18T04:09:46 IST" name="Default suite" finished-at="2023-08-18T04:09:50 IST" duration-ms="4488">
    <groups>
    </groups>
    <test started-at="2023-08-18T04:09:46 IST" name="Default test" finished-at="2023-08-18T04:09:50 IST" duration-ms="4488">
      <class name="apiTestCaases.DummYRestApiTestCases">
        <test-method signature="dummyrestapi()[pri:2, instance:apiTestCaases.DummYRestApiTestCases@6e20b53a]" started-at="2023-08-18T04:09:46 IST" name="dummyrestapi" finished-at="2023-08-18T04:09:50 IST" duration-ms="4435" status="PASS">
          <reporter-output>
          </reporter-output>
        </test-method> <!-- dummyrestapi -->
      </class> <!-- apiTestCaases.DummYRestApiTestCases -->
    </test> <!-- Default test -->
  </suite> <!-- Default suite -->
</testng-results>
